2024-12-21 14:21:36,849 - INFO - Player 0
2024-12-21 14:21:36,849 - INFO - TownCenter(HP: 1000, x: 63, y: 113)
2024-12-21 14:21:36,849 - INFO - TownCenter(HP: 1000, x: 62, y: 107)
2024-12-21 14:21:36,849 - INFO - TownCenter(HP: 1000, x: 70, y: 114)
2024-12-21 14:21:36,849 - INFO - Barracks(HP: 500, x: 69, y: 107)
2024-12-21 14:21:36,850 - INFO - Barracks(HP: 500, x: 74, y: 114)
2024-12-21 14:21:36,850 - INFO - Stable(HP: 500, x: 74, y: 106)
2024-12-21 14:21:36,850 - INFO - Stable(HP: 500, x: 57, y: 106)
2024-12-21 14:21:36,850 - INFO - ArcheryRange(HP: 500, x: 68, y: 101)
2024-12-21 14:21:36,850 - INFO - ArcheryRange(HP: 500, x: 75, y: 117)
2024-12-21 14:21:36,850 - INFO - Player 1
2024-12-21 14:21:36,850 - INFO - TownCenter(HP: 1000, x: 35, y: 75)
2024-12-21 14:21:36,850 - INFO - TownCenter(HP: 1000, x: 41, y: 70)
2024-12-21 14:21:36,850 - INFO - TownCenter(HP: 1000, x: 33, y: 69)
2024-12-21 14:21:36,850 - INFO - Barracks(HP: 500, x: 47, y: 69)
2024-12-21 14:21:36,850 - INFO - Barracks(HP: 500, x: 46, y: 82)
2024-12-21 14:21:36,850 - INFO - Stable(HP: 500, x: 29, y: 63)
2024-12-21 14:21:36,850 - INFO - Stable(HP: 500, x: 32, y: 80)
2024-12-21 14:21:36,850 - INFO - ArcheryRange(HP: 500, x: 30, y: 69)
2024-12-21 14:21:36,850 - INFO - ArcheryRange(HP: 500, x: 46, y: 77)
2024-12-21 14:21:36,851 - INFO - Player 2
2024-12-21 14:21:36,851 - INFO - TownCenter(HP: 1000, x: 61, y: 37)
2024-12-21 14:21:36,851 - INFO - TownCenter(HP: 1000, x: 60, y: 42)
2024-12-21 14:21:36,851 - INFO - TownCenter(HP: 1000, x: 70, y: 29)
2024-12-21 14:21:36,851 - INFO - Barracks(HP: 500, x: 53, y: 41)
2024-12-21 14:21:36,851 - INFO - Barracks(HP: 500, x: 57, y: 26)
2024-12-21 14:21:36,851 - INFO - Stable(HP: 500, x: 54, y: 31)
2024-12-21 14:21:36,851 - INFO - Stable(HP: 500, x: 70, y: 26)
2024-12-21 14:21:36,851 - INFO - ArcheryRange(HP: 500, x: 53, y: 26)
2024-12-21 14:21:36,851 - INFO - ArcheryRange(HP: 500, x: 54, y: 45)
2024-12-21 14:21:36,851 - INFO - Player 3
2024-12-21 14:21:36,851 - INFO - TownCenter(HP: 1000, x: 106, y: 50)
2024-12-21 14:21:36,851 - INFO - TownCenter(HP: 1000, x: 112, y: 44)
2024-12-21 14:21:36,851 - INFO - TownCenter(HP: 1000, x: 114, y: 55)
2024-12-21 14:21:36,851 - INFO - Barracks(HP: 500, x: 103, y: 53)
2024-12-21 14:21:36,851 - INFO - Barracks(HP: 500, x: 99, y: 42)
2024-12-21 14:21:36,851 - INFO - Stable(HP: 500, x: 111, y: 52)
2024-12-21 14:21:36,851 - INFO - Stable(HP: 500, x: 102, y: 40)
2024-12-21 14:21:36,851 - INFO - ArcheryRange(HP: 500, x: 105, y: 44)
2024-12-21 14:21:36,851 - INFO - ArcheryRange(HP: 500, x: 100, y: 58)
2024-12-21 14:21:36,851 - INFO - Player 4
2024-12-21 14:21:36,851 - INFO - TownCenter(HP: 1000, x: 107, y: 97)
2024-12-21 14:21:36,851 - INFO - TownCenter(HP: 1000, x: 106, y: 88)
2024-12-21 14:21:36,851 - INFO - TownCenter(HP: 1000, x: 112, y: 102)
2024-12-21 14:21:36,851 - INFO - Barracks(HP: 500, x: 116, y: 102)
2024-12-21 14:21:36,851 - INFO - Barracks(HP: 500, x: 100, y: 88)
2024-12-21 14:21:36,851 - INFO - Stable(HP: 500, x: 100, y: 85)
2024-12-21 14:21:36,851 - INFO - Stable(HP: 500, x: 99, y: 105)
2024-12-21 14:21:36,851 - INFO - ArcheryRange(HP: 500, x: 115, y: 91)
2024-12-21 14:21:36,852 - INFO - ArcheryRange(HP: 500, x: 113, y: 88)
2024-12-21 14:21:36,852 - INFO - Farm(HP: 100, x:0, y: 0) add to building queue
2024-12-21 14:21:36,852 - INFO - Archer :(HP : 30) add to training queue
2024-12-21 14:21:36,852 - INFO - Horseman :(HP : 40) add to training queue
2024-12-21 14:21:36,852 - INFO - Villager :(HP : 25) add to training queue
2024-12-21 14:21:36,852 - INFO - Swordsman :(HP : 40) add to training queue
2024-12-21 14:21:36,855 - INFO - <controller.ControllerPlayer.ControllerPlayer object at 0x0000021F39584C90>
2024-12-21 14:21:36,855 - INFO - Villager :(HP : 25)
2024-12-21 14:21:36,855 - INFO - Villager :(HP : 25)
2024-12-21 14:21:36,855 - INFO - Villager :(HP : 25)
2024-12-21 14:21:36,855 - INFO - Villager :(HP : 25)
2024-12-21 14:21:36,855 - INFO - Villager :(HP : 25)
2024-12-21 14:21:36,855 - INFO - Villager :(HP : 25)
2024-12-21 14:21:36,855 - INFO - Villager :(HP : 25)
2024-12-21 14:21:36,855 - INFO - Villager :(HP : 25)
2024-12-21 14:21:36,855 - INFO - Villager :(HP : 25)
2024-12-21 14:21:36,855 - INFO - Villager :(HP : 25)
2024-12-21 14:21:36,855 - INFO - Villager :(HP : 25)
2024-12-21 14:21:36,855 - INFO - Villager :(HP : 25)
2024-12-21 14:21:36,855 - INFO - Villager :(HP : 25)
2024-12-21 14:21:36,855 - INFO - Villager :(HP : 25)
2024-12-21 14:21:36,855 - INFO - Villager :(HP : 25)
2024-12-21 14:21:36,855 - INFO - Unit is moving
2024-12-21 14:21:36,864 - INFO - Chemin : [(62, 111), (63, 111), (64, 111), (65, 111), (66, 111), (66, 110), (66, 109), (66, 108), (66, 107), (66, 106), (66, 105), (66, 104), (66, 103), (66, 102), (66, 101), (66, 100), (66, 99), (66, 98), (66, 97), (66, 96), (67, 96), (68, 96), (69, 96), (69, 95), (70, 95), (70, 94), (70, 93), (70, 92), (70, 91), (70, 90), (70, 89), (70, 88), (70, 87), (70, 86), (70, 85), (70, 84), (70, 83), (70, 82), (70, 81), (70, 80), (70, 79), (70, 78), (71, 78), (72, 78), (73, 78), (74, 78), (75, 78), (76, 78), (77, 78), (78, 78), (78, 77), (78, 76), (78, 75), (78, 74), (78, 73), (78, 72), (78, 71), (78, 70), (78, 69), (78, 68), (78, 67), (78, 66), (78, 65), (78, 64), (78, 63), (78, 62), (78, 61), (78, 60), (78, 59), (78, 58), (78, 57), (78, 56), (78, 55), (78, 54), (78, 53), (78, 52), (78, 51), (78, 50), (78, 49), (78, 48), (78, 47), (78, 46), (78, 45), (78, 44), (78, 43), (78, 42), (78, 41), (78, 40), (78, 39), (78, 38), (78, 37), (78, 36), (78, 35), (78, 34), (78, 33), (78, 32), (78, 31), (78, 30), (78, 29), (78, 28), (79, 28), (80, 28), (81, 28), (82, 28), (83, 28), (84, 28), (85, 28), (86, 28), (86, 27), (86, 26), (86, 25), (86, 24), (86, 23), (86, 22), (86, 21), (86, 20), (86, 19), (86, 18), (86, 17), (86, 16), (86, 15), (86, 14), (86, 13), (86, 12), (86, 11), (87, 11), (88, 11), (89, 11), (90, 11), (91, 11), (92, 11), (93, 11), (94, 11), (95, 11), (96, 11), (97, 11), (98, 11), (99, 11), (100, 11), (101, 11), (102, 11), (103, 11), (104, 11), (105, 11), (106, 11), (107, 11), (108, 11), (109, 11), (110, 11), (111, 11), (112, 11), (113, 11), (114, 11), (115, 11), (116, 11), (117, 11), (118, 11), (118, 10), (118, 9), (118, 8), (118, 7), (118, 6), (118, 5), (118, 4), (118, 3), (118, 2), (118, 1), (119, 1)]
2024-12-21 14:21:47,068 - INFO - Farm(HP: 100, x:10, y: 10) is placed
2024-12-21 14:21:56,214 - INFO - Gave Saved
2024-12-21 14:23:23,406 - INFO - Loading Game
2024-12-21 14:23:23,433 - INFO - Apres deserialisation : Joueur Player 0
2024-12-21 14:23:23,433 - INFO -   Units: 19
2024-12-21 14:23:23,433 - INFO -   Buildings: 9
2024-12-21 14:23:23,433 - INFO - Apres deserialisation : Joueur Player 1
2024-12-21 14:23:23,433 - INFO -   Units: 15
2024-12-21 14:23:23,433 - INFO -   Buildings: 9
2024-12-21 14:23:23,434 - INFO - [<model.Player.Player object at 0x00000192A9F45690>, <model.Player.Player object at 0x00000192A9F45AD0>]
2024-12-21 14:23:23,434 - INFO - <model.Map.Map object at 0x00000192A9D95710>
2024-12-21 14:23:23,434 - INFO - Game loaded
2024-12-21 14:23:23,488 - INFO - <controller.ControllerPlayer.ControllerPlayer object at 0x00000192A99AEC10>
2024-12-21 14:23:23,488 - INFO - Villager :(HP : 25)
2024-12-21 14:23:23,488 - INFO - Villager :(HP : 25)
2024-12-21 14:23:23,488 - INFO - Villager :(HP : 25)
2024-12-21 14:23:23,488 - INFO - Villager :(HP : 25)
2024-12-21 14:23:23,488 - INFO - Villager :(HP : 25)
2024-12-21 14:23:23,488 - INFO - Villager :(HP : 25)
2024-12-21 14:23:23,488 - INFO - Villager :(HP : 25)
2024-12-21 14:23:23,488 - INFO - Villager :(HP : 25)
2024-12-21 14:23:23,488 - INFO - Villager :(HP : 25)
2024-12-21 14:23:23,488 - INFO - Villager :(HP : 25)
2024-12-21 14:23:23,488 - INFO - Villager :(HP : 25)
2024-12-21 14:23:23,488 - INFO - Villager :(HP : 25)
2024-12-21 14:23:23,488 - INFO - Villager :(HP : 25)
2024-12-21 14:23:23,488 - INFO - Villager :(HP : 25)
2024-12-21 14:23:23,488 - INFO - Villager :(HP : 25)
2024-12-21 14:23:23,488 - INFO - Horseman :(HP : 40)
2024-12-21 14:23:23,488 - INFO - Swordsman :(HP : 40)
2024-12-21 14:23:23,488 - INFO - Villager :(HP : 25)
2024-12-21 14:23:23,488 - INFO - Archer :(HP : 30)
2024-12-21 14:23:35,776 - INFO - Loading Game
2024-12-21 14:23:35,791 - INFO - Apres deserialisation : Joueur Player 0
2024-12-21 14:23:35,791 - INFO -   Units: 15
2024-12-21 14:23:35,791 - INFO -   Buildings: 10
2024-12-21 14:23:35,791 - INFO - Apres deserialisation : Joueur Player 1
2024-12-21 14:23:35,791 - INFO -   Units: 15
2024-12-21 14:23:35,791 - INFO -   Buildings: 9
2024-12-21 14:23:35,791 - INFO - [<model.Player.Player object at 0x0000024D18866490>, <model.Player.Player object at 0x0000024D18866E10>]
2024-12-21 14:23:35,791 - INFO - <model.Map.Map object at 0x0000024D182D5150>
2024-12-21 14:23:35,791 - INFO - Game loaded
2024-12-21 14:23:35,847 - INFO - <controller.ControllerPlayer.ControllerPlayer object at 0x0000024D183F14D0>
2024-12-21 14:23:35,847 - INFO - Villager :(HP : 25)
2024-12-21 14:23:35,847 - INFO - Villager :(HP : 25)
2024-12-21 14:23:35,847 - INFO - Villager :(HP : 25)
2024-12-21 14:23:35,847 - INFO - Villager :(HP : 25)
2024-12-21 14:23:35,847 - INFO - Villager :(HP : 25)
2024-12-21 14:23:35,847 - INFO - Villager :(HP : 25)
2024-12-21 14:23:35,847 - INFO - Villager :(HP : 25)
2024-12-21 14:23:35,847 - INFO - Villager :(HP : 25)
2024-12-21 14:23:35,847 - INFO - Villager :(HP : 25)
2024-12-21 14:23:35,847 - INFO - Villager :(HP : 25)
2024-12-21 14:23:35,847 - INFO - Villager :(HP : 25)
2024-12-21 14:23:35,847 - INFO - Villager :(HP : 25)
2024-12-21 14:23:35,847 - INFO - Villager :(HP : 25)
2024-12-21 14:23:35,847 - INFO - Villager :(HP : 25)
2024-12-21 14:23:35,847 - INFO - Villager :(HP : 25)
2024-12-21 14:24:37,036 - INFO - Loading Game
2024-12-21 14:24:37,052 - INFO - Apres deserialisation : Joueur Player 0
2024-12-21 14:24:37,052 - INFO -   Units: 15
2024-12-21 14:24:37,052 - INFO -   Buildings: 9
2024-12-21 14:24:37,052 - INFO - Apres deserialisation : Joueur Player 1
2024-12-21 14:24:37,052 - INFO -   Units: 15
2024-12-21 14:24:37,052 - INFO -   Buildings: 9
2024-12-21 14:24:37,052 - INFO - [<model.Player.Player object at 0x0000020A62868E50>, <model.Player.Player object at 0x0000020A62869A50>]
2024-12-21 14:24:37,052 - INFO - <model.Map.Map object at 0x0000020A62501550>
2024-12-21 14:24:37,052 - INFO - Game loaded
2024-12-21 14:24:37,106 - INFO - <controller.ControllerPlayer.ControllerPlayer object at 0x0000020A624F0450>
2024-12-21 14:24:37,106 - INFO - Villager :(HP : 25)
2024-12-21 14:24:37,106 - INFO - Villager :(HP : 25)
2024-12-21 14:24:37,106 - INFO - Villager :(HP : 25)
2024-12-21 14:24:37,106 - INFO - Villager :(HP : 25)
2024-12-21 14:24:37,106 - INFO - Villager :(HP : 25)
2024-12-21 14:24:37,106 - INFO - Villager :(HP : 25)
2024-12-21 14:24:37,106 - INFO - Villager :(HP : 25)
2024-12-21 14:24:37,106 - INFO - Villager :(HP : 25)
2024-12-21 14:24:37,106 - INFO - Villager :(HP : 25)
2024-12-21 14:24:37,106 - INFO - Villager :(HP : 25)
2024-12-21 14:24:37,106 - INFO - Villager :(HP : 25)
2024-12-21 14:24:37,106 - INFO - Villager :(HP : 25)
2024-12-21 14:24:37,106 - INFO - Villager :(HP : 25)
2024-12-21 14:24:37,106 - INFO - Villager :(HP : 25)
2024-12-21 14:24:37,106 - INFO - Villager :(HP : 25)
2024-12-21 14:25:09,258 - INFO - <controller.ControllerPlayer.ControllerPlayer object at 0x0000028E2B9F1A50>
2024-12-21 14:25:09,258 - INFO - Villager :(HP : 25)
2024-12-21 14:25:09,258 - INFO - Villager :(HP : 25)
2024-12-21 14:25:09,259 - INFO - Villager :(HP : 25)
2024-12-21 14:25:09,259 - INFO - Unit is moving
2024-12-21 14:25:09,262 - INFO - Chemin : [(119, 135), (118, 135), (117, 135), (116, 135), (115, 135), (115, 134), (115, 133), (115, 132), (115, 131), (115, 130), (115, 129), (115, 128), (115, 127), (115, 126), (115, 125), (115, 124), (115, 123), (115, 122), (115, 121), (115, 120), (115, 119), (115, 118), (115, 117), (115, 116), (115, 115), (115, 114), (115, 113), (115, 112), (115, 111), (115, 110), (115, 109), (115, 108), (115, 107), (115, 106), (115, 105), (115, 104), (115, 103), (115, 102), (115, 101), (115, 100), (115, 99), (115, 98), (115, 97), (115, 96), (115, 95), (115, 94), (115, 93), (115, 92), (115, 91), (115, 90), (115, 89), (115, 88), (115, 87), (115, 86), (115, 85), (115, 84), (115, 83), (115, 82), (115, 81), (115, 80), (115, 79), (115, 78), (115, 77), (115, 76), (116, 76), (116, 75), (116, 74), (116, 73), (116, 72), (116, 71), (116, 70), (116, 69), (116, 68), (116, 67), (116, 66), (116, 65), (116, 64), (116, 63), (116, 62), (116, 61), (116, 60), (116, 59), (117, 59), (117, 58), (117, 57), (117, 56), (117, 55), (117, 54), (117, 53), (117, 52), (117, 51), (117, 50), (117, 49), (116, 49), (116, 48), (116, 47), (116, 46), (116, 45), (116, 44), (116, 43), (116, 42), (116, 41), (116, 40), (116, 39), (116, 38), (116, 37), (116, 36), (116, 35), (116, 34), (116, 33), (116, 32), (116, 31), (116, 30), (116, 29), (116, 28), (116, 27), (116, 26), (116, 25), (116, 24), (116, 23), (116, 22), (116, 21), (116, 20), (116, 19), (115, 19), (115, 18), (115, 17), (115, 16), (115, 15), (115, 14), (115, 13), (115, 12), (115, 11), (115, 10), (115, 9), (115, 8), (115, 7), (115, 6), (115, 5), (115, 4), (115, 3), (115, 2), (115, 1), (116, 1), (117, 1), (118, 1), (119, 1)]
2024-12-21 14:29:55,281 - INFO - Gave Saved
2024-12-21 14:30:54,053 - INFO - Player 0
2024-12-21 14:30:54,053 - INFO - TownCenter(HP: 1000, x: 114, y: 83)
2024-12-21 14:30:54,053 - INFO - TownCenter(HP: 1000, x: 120, y: 77)
2024-12-21 14:30:54,053 - INFO - TownCenter(HP: 1000, x: 113, y: 74)
2024-12-21 14:30:54,053 - INFO - Barracks(HP: 500, x: 108, y: 86)
2024-12-21 14:30:54,053 - INFO - Barracks(HP: 500, x: 109, y: 75)
2024-12-21 14:30:54,053 - INFO - Stable(HP: 500, x: 106, y: 77)
2024-12-21 14:30:54,053 - INFO - Stable(HP: 500, x: 108, y: 90)
2024-12-21 14:30:54,053 - INFO - ArcheryRange(HP: 500, x: 109, y: 72)
2024-12-21 14:30:54,053 - INFO - ArcheryRange(HP: 500, x: 113, y: 71)
2024-12-21 14:30:54,053 - INFO - Player 1
2024-12-21 14:30:54,053 - INFO - TownCenter(HP: 1000, x: 35, y: 66)
2024-12-21 14:30:54,053 - INFO - TownCenter(HP: 1000, x: 43, y: 67)
2024-12-21 14:30:54,053 - INFO - TownCenter(HP: 1000, x: 42, y: 59)
2024-12-21 14:30:54,054 - INFO - Barracks(HP: 500, x: 29, y: 71)
2024-12-21 14:30:54,054 - INFO - Barracks(HP: 500, x: 30, y: 57)
2024-12-21 14:30:54,054 - INFO - Stable(HP: 500, x: 34, y: 55)
2024-12-21 14:30:54,054 - INFO - Stable(HP: 500, x: 40, y: 56)
2024-12-21 14:30:54,054 - INFO - ArcheryRange(HP: 500, x: 28, y: 68)
2024-12-21 14:30:54,054 - INFO - ArcheryRange(HP: 500, x: 46, y: 73)
2024-12-21 14:30:54,054 - INFO - Farm(HP: 100, x:0, y: 0) add to building queue
2024-12-21 14:30:54,054 - INFO - Archer :(HP : 30) add to training queue
2024-12-21 14:30:54,054 - INFO - Horseman :(HP : 40) add to training queue
2024-12-21 14:30:54,054 - INFO - Villager :(HP : 25) add to training queue
2024-12-21 14:30:54,054 - INFO - Swordsman :(HP : 40) add to training queue
2024-12-21 14:30:54,056 - INFO - <controller.ControllerPlayer.ControllerPlayer object at 0x0000025125FAC190>
2024-12-21 14:30:54,056 - INFO - Villager :(HP : 25)
2024-12-21 14:30:54,056 - INFO - Villager :(HP : 25)
2024-12-21 14:30:54,056 - INFO - Villager :(HP : 25)
2024-12-21 14:30:54,056 - INFO - Villager :(HP : 25)
2024-12-21 14:30:54,056 - INFO - Villager :(HP : 25)
2024-12-21 14:30:54,056 - INFO - Villager :(HP : 25)
2024-12-21 14:30:54,056 - INFO - Villager :(HP : 25)
2024-12-21 14:30:54,056 - INFO - Villager :(HP : 25)
2024-12-21 14:30:54,056 - INFO - Villager :(HP : 25)
2024-12-21 14:30:54,056 - INFO - Villager :(HP : 25)
2024-12-21 14:30:54,056 - INFO - Villager :(HP : 25)
2024-12-21 14:30:54,056 - INFO - Villager :(HP : 25)
2024-12-21 14:30:54,056 - INFO - Villager :(HP : 25)
2024-12-21 14:30:54,056 - INFO - Villager :(HP : 25)
2024-12-21 14:30:54,056 - INFO - Villager :(HP : 25)
2024-12-21 14:30:54,056 - INFO - Unit is moving
2024-12-21 14:33:52,068 - INFO - Player 0
2024-12-21 14:33:52,068 - INFO - TownCenter(HP: 1000, x: 114, y: 72)
2024-12-21 14:33:52,068 - INFO - TownCenter(HP: 1000, x: 109, y: 66)
2024-12-21 14:33:52,068 - INFO - TownCenter(HP: 1000, x: 119, y: 64)
2024-12-21 14:33:52,068 - INFO - Barracks(HP: 500, x: 108, y: 78)
2024-12-21 14:33:52,068 - INFO - Barracks(HP: 500, x: 113, y: 66)
2024-12-21 14:33:52,068 - INFO - Stable(HP: 500, x: 106, y: 66)
2024-12-21 14:33:52,068 - INFO - Stable(HP: 500, x: 111, y: 63)
2024-12-21 14:33:52,068 - INFO - ArcheryRange(HP: 500, x: 106, y: 74)
2024-12-21 14:33:52,068 - INFO - ArcheryRange(HP: 500, x: 108, y: 62)
2024-12-21 14:33:52,068 - INFO - Player 1
2024-12-21 14:33:52,068 - INFO - TownCenter(HP: 1000, x: 35, y: 77)
2024-12-21 14:33:52,068 - INFO - TownCenter(HP: 1000, x: 44, y: 71)
2024-12-21 14:33:52,068 - INFO - TownCenter(HP: 1000, x: 40, y: 79)
2024-12-21 14:33:52,068 - INFO - Barracks(HP: 500, x: 40, y: 67)
2024-12-21 14:33:52,068 - INFO - Barracks(HP: 500, x: 29, y: 81)
2024-12-21 14:33:52,068 - INFO - Stable(HP: 500, x: 41, y: 71)
2024-12-21 14:33:52,068 - INFO - Stable(HP: 500, x: 42, y: 83)
2024-12-21 14:33:52,068 - INFO - ArcheryRange(HP: 500, x: 44, y: 67)
2024-12-21 14:33:52,069 - INFO - ArcheryRange(HP: 500, x: 45, y: 81)
2024-12-21 14:33:52,069 - INFO - Farm(HP: 100, x:0, y: 0) add to building queue
2024-12-21 14:33:52,069 - INFO - Archer :(HP : 30) add to training queue
2024-12-21 14:33:52,069 - INFO - Horseman :(HP : 40) add to training queue
2024-12-21 14:33:52,069 - INFO - Villager :(HP : 25) add to training queue
2024-12-21 14:33:52,069 - INFO - Swordsman :(HP : 40) add to training queue
2024-12-21 14:33:52,071 - INFO - <controller.ControllerPlayer.ControllerPlayer object at 0x000001DB00D95D10>
2024-12-21 14:33:52,071 - INFO - Villager :(HP : 25)
2024-12-21 14:33:52,071 - INFO - Villager :(HP : 25)
2024-12-21 14:33:52,071 - INFO - Villager :(HP : 25)
2024-12-21 14:33:52,071 - INFO - Villager :(HP : 25)
2024-12-21 14:33:52,071 - INFO - Villager :(HP : 25)
2024-12-21 14:33:52,071 - INFO - Villager :(HP : 25)
2024-12-21 14:33:52,071 - INFO - Villager :(HP : 25)
2024-12-21 14:33:52,071 - INFO - Villager :(HP : 25)
2024-12-21 14:33:52,071 - INFO - Villager :(HP : 25)
2024-12-21 14:33:52,071 - INFO - Villager :(HP : 25)
2024-12-21 14:33:52,071 - INFO - Villager :(HP : 25)
2024-12-21 14:33:52,071 - INFO - Villager :(HP : 25)
2024-12-21 14:33:52,071 - INFO - Villager :(HP : 25)
2024-12-21 14:33:52,071 - INFO - Villager :(HP : 25)
2024-12-21 14:33:52,071 - INFO - Villager :(HP : 25)
2024-12-21 14:33:52,071 - INFO - Unit is moving
2024-12-21 14:34:56,165 - INFO - <controller.ControllerPlayer.ControllerPlayer object at 0x000001AA9FC95D10>
2024-12-21 14:34:56,165 - INFO - Villager :(HP : 25)
2024-12-21 14:34:56,165 - INFO - Villager :(HP : 25)
2024-12-21 14:34:56,165 - INFO - Villager :(HP : 25)
2024-12-21 14:34:56,165 - INFO - Unit is moving
2024-12-21 14:34:56,178 - INFO - Chemin : [(34, 73), (34, 72), (34, 71), (34, 70), (34, 69), (34, 68), (34, 67), (34, 66), (34, 65), (34, 64), (34, 63), (34, 62), (34, 61), (34, 60), (34, 59), (34, 58), (34, 57), (34, 56), (34, 55), (34, 54), (34, 53), (34, 52), (34, 51), (34, 50), (34, 49), (34, 48), (34, 47), (34, 46), (34, 45), (35, 45), (36, 45), (37, 45), (37, 44), (37, 43), (37, 42), (37, 41), (37, 40), (37, 39), (37, 38), (37, 37), (37, 36), (37, 35), (37, 34), (37, 33), (37, 32), (37, 31), (37, 30), (37, 29), (37, 28), (37, 27), (37, 26), (37, 25), (37, 24), (37, 23), (37, 22), (37, 21), (37, 20), (37, 19), (37, 18), (37, 17), (37, 16), (37, 15), (37, 14), (37, 13), (37, 12), (37, 11), (38, 11), (39, 11), (40, 11), (41, 11), (42, 11), (42, 10), (42, 9), (42, 8), (42, 7), (43, 7), (44, 7), (45, 7), (46, 7), (47, 7), (48, 7), (49, 7), (50, 7), (51, 7), (52, 7), (53, 7), (54, 7), (55, 7), (55, 6), (55, 5), (55, 4), (56, 4), (57, 4), (58, 4), (59, 4), (60, 4), (61, 4), (62, 4), (63, 4), (64, 4), (65, 4), (66, 4), (67, 4), (68, 4), (69, 4), (70, 4), (71, 4), (72, 4), (73, 4), (74, 4), (75, 4), (76, 4), (77, 4), (78, 4), (79, 4), (80, 4), (81, 4), (82, 4), (83, 4), (84, 4), (85, 4), (86, 4), (87, 4), (88, 4), (89, 4), (90, 4), (91, 4), (92, 4), (93, 4), (94, 4), (95, 4), (96, 4), (97, 4), (98, 4), (99, 4), (100, 4), (100, 3), (101, 3), (102, 3), (102, 2), (102, 1), (103, 1), (104, 1), (105, 1), (106, 1), (107, 1), (108, 1), (109, 1), (110, 1), (111, 1), (112, 1), (113, 1), (114, 1), (115, 1), (116, 1), (117, 1), (118, 1), (119, 1)]
2024-12-21 14:35:12,318 - INFO - Gave Saved
2024-12-21 14:51:08,676 - INFO - Player 0
2024-12-21 14:51:08,676 - INFO - TownCenter(HP: 1000, x: 88, y: 112)
2024-12-21 14:51:08,676 - INFO - TownCenter(HP: 1000, x: 84, y: 116)
2024-12-21 14:51:08,676 - INFO - TownCenter(HP: 1000, x: 85, y: 104)
2024-12-21 14:51:08,676 - INFO - Barracks(HP: 500, x: 81, y: 103)
2024-12-21 14:51:08,676 - INFO - Barracks(HP: 500, x: 99, y: 114)
2024-12-21 14:51:08,676 - INFO - Stable(HP: 500, x: 99, y: 103)
2024-12-21 14:51:08,676 - INFO - Stable(HP: 500, x: 82, y: 106)
2024-12-21 14:51:08,676 - INFO - ArcheryRange(HP: 500, x: 97, y: 100)
2024-12-21 14:51:08,676 - INFO - ArcheryRange(HP: 500, x: 93, y: 105)
2024-12-21 14:51:08,677 - INFO - Player 1
2024-12-21 14:51:08,677 - INFO - TownCenter(HP: 1000, x: 61, y: 37)
2024-12-21 14:51:08,677 - INFO - TownCenter(HP: 1000, x: 59, y: 42)
2024-12-21 14:51:08,677 - INFO - TownCenter(HP: 1000, x: 70, y: 32)
2024-12-21 14:51:08,677 - INFO - Barracks(HP: 500, x: 53, y: 44)
2024-12-21 14:51:08,677 - INFO - Barracks(HP: 500, x: 66, y: 43)
2024-12-21 14:51:08,677 - INFO - Stable(HP: 500, x: 73, y: 26)
2024-12-21 14:51:08,677 - INFO - Stable(HP: 500, x: 66, y: 31)
2024-12-21 14:51:08,677 - INFO - ArcheryRange(HP: 500, x: 53, y: 41)
2024-12-21 14:51:08,677 - INFO - ArcheryRange(HP: 500, x: 73, y: 39)
2024-12-21 14:51:08,677 - INFO - Farm(HP: 100, x:0, y: 0) add to building queue
2024-12-21 14:51:08,677 - INFO - Archer :(HP : 30) add to training queue
2024-12-21 14:51:08,677 - INFO - Horseman :(HP : 40) add to training queue
2024-12-21 14:51:08,677 - INFO - Villager :(HP : 25) add to training queue
2024-12-21 14:51:08,677 - INFO - Swordsman :(HP : 40) add to training queue
2024-12-21 14:51:08,679 - INFO - <controller.ControllerPlayer.ControllerPlayer object at 0x00000210566AC190>
2024-12-21 14:51:08,679 - INFO - Villager :(HP : 25)
2024-12-21 14:51:08,679 - INFO - Villager :(HP : 25)
2024-12-21 14:51:08,679 - INFO - Villager :(HP : 25)
2024-12-21 14:51:08,679 - INFO - Villager :(HP : 25)
2024-12-21 14:51:08,679 - INFO - Villager :(HP : 25)
2024-12-21 14:51:08,679 - INFO - Villager :(HP : 25)
2024-12-21 14:51:08,679 - INFO - Villager :(HP : 25)
2024-12-21 14:51:08,679 - INFO - Villager :(HP : 25)
2024-12-21 14:51:08,679 - INFO - Villager :(HP : 25)
2024-12-21 14:51:08,679 - INFO - Villager :(HP : 25)
2024-12-21 14:51:08,679 - INFO - Villager :(HP : 25)
2024-12-21 14:51:08,679 - INFO - Villager :(HP : 25)
2024-12-21 14:51:08,679 - INFO - Villager :(HP : 25)
2024-12-21 14:51:08,679 - INFO - Villager :(HP : 25)
2024-12-21 14:51:08,679 - INFO - Villager :(HP : 25)
2024-12-21 14:51:08,679 - INFO - Unit is moving
2024-12-21 14:51:08,686 - INFO - Chemin : [(87, 110), (87, 109), (87, 108), (88, 108), (89, 108), (89, 107), (89, 106), (89, 105), (89, 104), (89, 103), (89, 102), (89, 101), (89, 100), (89, 99), (89, 98), (89, 97), (89, 96), (89, 95), (89, 94), (89, 93), (89, 92), (89, 91), (89, 90), (89, 89), (89, 88), (89, 87), (89, 86), (89, 85), (89, 84), (89, 83), (89, 82), (89, 81), (89, 80), (89, 79), (89, 78), (89, 77), (89, 76), (89, 75), (89, 74), (89, 73), (89, 72), (89, 71), (89, 70), (89, 69), (89, 68), (89, 67), (89, 66), (89, 65), (89, 64), (89, 63), (89, 62), (89, 61), (89, 60), (89, 59), (89, 58), (89, 57), (90, 57), (91, 57), (92, 57), (93, 57), (94, 57), (95, 57), (96, 57), (96, 56), (96, 55), (96, 54), (96, 53), (96, 52), (96, 51), (96, 50), (96, 49), (96, 48), (96, 47), (96, 46), (96, 45), (96, 44), (97, 44), (98, 44), (99, 44), (100, 44), (101, 44), (102, 44), (103, 44), (104, 44), (105, 44), (106, 44), (107, 44), (108, 44), (109, 44), (110, 44), (110, 43), (110, 42), (110, 41), (110, 40), (110, 39), (110, 38), (110, 37), (110, 36), (110, 35), (110, 34), (110, 33), (110, 32), (110, 31), (110, 30), (110, 29), (110, 28), (110, 27), (110, 26), (110, 25), (110, 24), (110, 23), (110, 22), (110, 21), (110, 20), (110, 19), (110, 18), (110, 17), (110, 16), (110, 15), (110, 14), (110, 13), (110, 12), (110, 11), (110, 10), (110, 9), (110, 8), (110, 7), (110, 6), (110, 5), (110, 4), (110, 3), (110, 2), (110, 1), (111, 1), (112, 1), (113, 1), (114, 1), (115, 1), (116, 1), (117, 1), (118, 1), (119, 1)]
2024-12-21 14:51:10,857 - INFO - Gave Saved
